{"/Users/kirkstrobeck/git/automated/example/src/components/button/index.tsx": {"path":"/Users/kirkstrobeck/git/automated/example/src/components/button/index.tsx","statementMap":{"0":{"start":{"line":1,"column":0},"end":{"line":1,"column":26}},"1":{"start":{"line":9,"column":13},"end":{"line":9,"column":null}},"2":{"start":{"line":9,"column":26},"end":{"line":9,"column":28}},"3":{"start":{"line":9,"column":32},"end":{"line":9,"column":34}},"4":{"start":{"line":9,"column":41},"end":{"line":9,"column":50}},"5":{"start":{"line":9,"column":55},"end":{"line":25,"column":2}},"6":{"start":{"line":27,"column":0},"end":{"line":27,"column":20}}},"fnMap":{"0":{"name":"(anonymous_1)","decl":{"start":{"line":9,"column":13},"end":{"line":9,"column":14}},"loc":{"start":{"line":9,"column":50},"end":{"line":9,"column":null}}}},"branchMap":{"0":{"loc":{"start":{"line":13,"column":18},"end":{"line":13,"column":38}},"type":"binary-expr","locations":[{"start":{"line":13,"column":18},"end":{"line":13,"column":28}},{"start":{"line":13,"column":32},"end":{"line":13,"column":38}}]},"1":{"loc":{"start":{"line":23,"column":5},"end":{"line":23,"column":27}},"type":"binary-expr","locations":[{"start":{"line":23,"column":5},"end":{"line":23,"column":9}},{"start":{"line":23,"column":13},"end":{"line":23,"column":27}}]}},"s":{"0":1,"1":1,"2":3,"3":3,"4":3,"5":3,"6":1},"f":{"0":3},"b":{"0":[3,2],"1":[3,2]}}
,"/Users/kirkstrobeck/git/automated/example/src/components/warning/index.tsx": {"path":"/Users/kirkstrobeck/git/automated/example/src/components/warning/index.tsx","statementMap":{"0":{"start":{"line":1,"column":0},"end":{"line":1,"column":26}},"1":{"start":{"line":3,"column":13},"end":{"line":3,"column":null}},"2":{"start":{"line":3,"column":19},"end":{"line":16,"column":2}},"3":{"start":{"line":18,"column":0},"end":{"line":18,"column":20}}},"fnMap":{"0":{"name":"(anonymous_1)","decl":{"start":{"line":3,"column":13},"end":{"line":3,"column":19}},"loc":{"start":{"line":3,"column":13},"end":{"line":3,"column":null}}}},"branchMap":{},"s":{"0":1,"1":1,"2":1,"3":1},"f":{"0":1},"b":{}}
,"/Users/kirkstrobeck/git/automated/example/src/components/warning-sass/index.tsx": {"path":"/Users/kirkstrobeck/git/automated/example/src/components/warning-sass/index.tsx","statementMap":{"0":{"start":{"line":1,"column":0},"end":{"line":1,"column":26}},"1":{"start":{"line":2,"column":0},"end":{"line":2,"column":22}},"2":{"start":{"line":4,"column":13},"end":{"line":4,"column":24}},"3":{"start":{"line":4,"column":19},"end":{"line":4,"column":59}},"4":{"start":{"line":6,"column":0},"end":{"line":6,"column":20}}},"fnMap":{"0":{"name":"(anonymous_1)","decl":{"start":{"line":4,"column":13},"end":{"line":4,"column":19}},"loc":{"start":{"line":4,"column":13},"end":{"line":4,"column":24}}}},"branchMap":{},"s":{"0":1,"1":1,"2":1,"3":1,"4":1},"f":{"0":1},"b":{}}
}
